2021/09/09 13:01:15 [INFO] Terraform version: 0.14.0  
2021/09/09 13:01:15 [INFO] Go runtime version: go1.15.2
2021/09/09 13:01:15 [INFO] CLI args: []string{"C:\\Terraform\\terraform.exe", "providers", "schema", "-json", "-no-color"}
2021/09/09 13:01:15 [DEBUG] Attempting to open CLI config file: C:\Users\yasse\AppData\Roaming\terraform.rc
2021/09/09 13:01:15 [DEBUG] File doesn't exist, but doesn't need to. Ignoring.
2021/09/09 13:01:15 [DEBUG] Using modified User-Agent: HashiCorp Terraform/0.14.0 (+https://www.terraform.io) HashiCorp-terraform-exec/0.14.0
2021/09/09 13:01:15 [DEBUG] ignoring non-existing provider search directory terraform.d/plugins
2021/09/09 13:01:15 [DEBUG] ignoring non-existing provider search directory C:\Users\yasse\AppData\Roaming\terraform.d\plugins
2021/09/09 13:01:15 [DEBUG] ignoring non-existing provider search directory C:\Users\yasse\AppData\Roaming\HashiCorp\Terraform\plugins
2021/09/09 13:01:15 [INFO] CLI command args: []string{"providers", "schema", "-json", "-no-color"}
2021/09/09 13:01:15 [DEBUG] Using modified User-Agent: Terraform/0.14.0 HashiCorp-terraform-exec/0.14.0
2021/09/09 13:01:15 [DEBUG] Using modified User-Agent: HashiCorp Terraform/0.14.0 (+https://www.terraform.io) HashiCorp-terraform-exec/0.14.0
2021/09/09 13:01:15 [TRACE] Meta.Backend: BackendOpts.Config not set, so using settings loaded from backend.tf:2,2-19
2021/09/09 13:01:15 [TRACE] Meta.Backend: built configuration for "azurerm" backend with hash value 1716051252
2021/09/09 13:01:15 [TRACE] Preserving existing state lineage "57597dd5-50dc-1c28-2fe9-0ea2c86cdb68"
2021/09/09 13:01:15 [TRACE] Preserving existing state lineage "57597dd5-50dc-1c28-2fe9-0ea2c86cdb68"
2021/09/09 13:01:15 [TRACE] Meta.Backend: working directory was previously initialized for "azurerm" backend
2021/09/09 13:01:15 [TRACE] Meta.Backend: using already-initialized, unchanged "azurerm" backend configuration
2021/09/09 13:01:15 [TRACE] Meta.Backend: instantiated backend of type *azure.Backend
2021/09/09 13:01:15 [TRACE] providercache.fillMetaCache: scanning directory .terraform\providers
2021/09/09 13:01:15 [TRACE] getproviders.SearchLocalDirectory: .terraform\providers is a symlink to .terraform\providers
2021/09/09 13:01:15 [TRACE] getproviders.SearchLocalDirectory: found registry.terraform.io/hashicorp/azuread v1.0.0 for windows_amd64 at .terraform\providers\registry.terraform.io\hashicorp\azuread\1.0.0\windows_amd64
2021/09/09 13:01:15 [TRACE] getproviders.SearchLocalDirectory: found registry.terraform.io/hashicorp/azurerm v2.41.0 for windows_amd64 at .terraform\providers\registry.terraform.io\hashicorp\azurerm\2.41.0\windows_amd64
2021/09/09 13:01:15 [TRACE] getproviders.SearchLocalDirectory: found registry.terraform.io/hashicorp/random v3.0.0 for windows_amd64 at .terraform\providers\registry.terraform.io\hashicorp\random\3.0.0\windows_amd64
2021/09/09 13:01:15 [TRACE] providercache.fillMetaCache: including .terraform\providers\registry.terraform.io\hashicorp\azuread\1.0.0\windows_amd64 as a candidate package for registry.terraform.io/hashicorp/azuread 1.0.0
2021/09/09 13:01:15 [TRACE] providercache.fillMetaCache: including .terraform\providers\registry.terraform.io\hashicorp\azurerm\2.41.0\windows_amd64 as a candidate package for registry.terraform.io/hashicorp/azurerm 2.41.0
2021/09/09 13:01:15 [TRACE] providercache.fillMetaCache: including .terraform\providers\registry.terraform.io\hashicorp\random\3.0.0\windows_amd64 as a candidate package for registry.terraform.io/hashicorp/random 3.0.0
2021/09/09 13:01:15 [TRACE] providercache.fillMetaCache: using cached result from previous scan of .terraform\providers
2021/09/09 13:01:16 [TRACE] providercache.fillMetaCache: using cached result from previous scan of .terraform\providers
2021/09/09 13:01:16 [DEBUG] checking for provisioner in "."
2021/09/09 13:01:16 [DEBUG] checking for provisioner in "C:\\Terraform"
2021/09/09 13:01:16 [INFO] Failed to read plugin lock file .terraform\plugins\windows_amd64\lock.json: open .terraform\plugins\windows_amd64\lock.json: The system cannot find the path specified.
2021/09/09 13:01:16 [TRACE] Meta.Backend: backend *azure.Backend does not support operations, so wrapping it in a local backend
2021/09/09 13:01:16 [TRACE] backend/local: requesting state manager for workspace "default"
2021/09/09 13:01:16 [DEBUG] Using modified User-Agent: Terraform/0.14.0 HashiCorp-terraform-exec/0.14.0
2021/09/09 13:01:16 [TRACE] backend/local: requesting state lock for workspace "default"
2021/09/09 13:01:16 [TRACE] backend/local: reading remote state for workspace "default"
panic: runtime error: invalid memory address or nil pointer dereference
[signal 0xc0000005 code=0x0 addr=0x10 pc=0x185439a]

goroutine 1 [running]:
github.com/hashicorp/terraform/backend/remote-state/azure.(*RemoteClient).Get(0xc0005204b0, 0xc0009d8ff0, 0xc000102400, 0xc000156030)
	/home/circleci/project/project/backend/remote-state/azure/client.go:42 +0x17a
github.com/hashicorp/terraform/states/remote.(*State).refreshState(0xc0009d5aa0, 0xc0009d8ff0, 0x43)
	/home/circleci/project/project/states/remote/state.go:111 +0x3f
github.com/hashicorp/terraform/states/remote.(*State).RefreshState(0xc0009d5aa0, 0x0, 0x0)
	/home/circleci/project/project/states/remote/state.go:104 +0x73
github.com/hashicorp/terraform/backend/local.(*Local).context(0xc0009d6270, 0xc0008f95e0, 0x0, 0x0, 0x0, 0x0, 0x0, 0x0, 0x0)
	/home/circleci/project/project/backend/local/backend_local.go:65 +0x5ff
github.com/hashicorp/terraform/backend/local.(*Local).Context(0xc0009d6270, 0xc0008f95e0, 0x0, 0x0, 0xc0009d6270, 0x1, 0x0, 0x0)
	/home/circleci/project/project/backend/local/backend_local.go:33 +0x134
github.com/hashicorp/terraform/command.(*ProvidersSchemaCommand).Run(0xc0007d16c0, 0xc000154030, 0x1, 0x5, 0xc00070a7a0)
	/home/circleci/project/project/command/providers_schema.go:89 +0x709
github.com/mitchellh/cli.(*CLI).Run(0xc000726c80, 0xc000726c80, 0xc00061dd48, 0x1)
	/go/pkg/mod/github.com/mitchellh/cli@v1.1.0/cli.go:260 +0x1cf
main.wrappedMain(0x0)
	/home/circleci/project/project/main.go:304 +0xe85
main.realMain(0x0)
	/home/circleci/project/project/main.go:106 +0xf1
main.main()
	/home/circleci/project/project/main.go:42 +0x45
